<?xml version="1.0" encoding="UTF-8"?>
<!-- Generated by org.testng.reporters.JUnitReportReporter -->
<testsuite skipped="2" hostname="rsharmas-MacBook-Pro.local" name="org.assignment.testcases.GmailUsingJavaMailTest" tests="4" failures="0" timestamp="2020-09-21T04:42:16 IST" time="113.848" errors="0">
  <testcase name="testGmailSearchFunctionalityUsingExcel" time="46.851" classname="org.assignment.testcases.GmailUsingJavaMailTest"/>
  <system-out/>
  <testcase name="testGmailSearchFunctionality" time="66.997" classname="org.assignment.testcases.GmailUsingJavaMailTest"/>
  <system-out/>
  <testcase name="testDownloadAttachmentAndRenamedFunctionality" classname="org.assignment.testcases.GmailUsingJavaMailTest">
    <skipped/>
  </testcase> <!-- testDownloadAttachmentAndRenamedFunctionality -->
  <system-out/>
  <testcase name="testGettingLatestEmailWithAttachmentFunctionality" classname="org.assignment.testcases.GmailUsingJavaMailTest">
    <skipped/>
  </testcase> <!-- testGettingLatestEmailWithAttachmentFunctionality -->
  <system-out/>
</testsuite> <!-- org.assignment.testcases.GmailUsingJavaMailTest -->
